<?xml version="1.0" encoding="UTF-8"?>
<testng-results ignored="0" total="2" passed="2" failed="0" skipped="0">
  <reporter-output>
  </reporter-output>
  <suite started-at="2024-05-09T18:00:39 IST" name="Suite" finished-at="2024-05-09T18:01:07 IST" duration-ms="27258">
    <groups>
      <group name="Master">
        <method signature="TC_001_AccountRegistartionTest.verify_account_registration()[pri:0, instance:testCases.TC_001_AccountRegistartionTest@495fac5f]" name="verify_account_registration" class="testCases.TC_001_AccountRegistartionTest"/>
        <method signature="TC_002_LoginTest.verify_login()[pri:0, instance:testCases.TC_002_LoginTest@7a1a3478]" name="verify_login" class="testCases.TC_002_LoginTest"/>
      </group> <!-- Master -->
      <group name="Sanity">
        <method signature="TC_002_LoginTest.verify_login()[pri:0, instance:testCases.TC_002_LoginTest@7a1a3478]" name="verify_login" class="testCases.TC_002_LoginTest"/>
      </group> <!-- Sanity -->
      <group name="Regression">
        <method signature="TC_001_AccountRegistartionTest.verify_account_registration()[pri:0, instance:testCases.TC_001_AccountRegistartionTest@495fac5f]" name="verify_account_registration" class="testCases.TC_001_AccountRegistartionTest"/>
      </group> <!-- Regression -->
    </groups>
    <test started-at="2024-05-09T18:00:39 IST" name="Test" finished-at="2024-05-09T18:01:07 IST" duration-ms="27258">
      <class name="testCases.TC_002_LoginTest">
        <test-method is-config="true" signature="setup(java.lang.String,java.lang.String)[pri:0, instance:testCases.TC_002_LoginTest@7a1a3478]" started-at="2024-05-09T18:00:55 IST" name="setup" finished-at="2024-05-09T18:01:04 IST" duration-ms="8606" status="PASS">
          <params>
            <param index="0">
              <value>
                <![CDATA[Windows]]>
              </value>
            </param>
            <param index="1">
              <value>
                <![CDATA[chrome]]>
              </value>
            </param>
          </params>
          <reporter-output>
          </reporter-output>
        </test-method> <!-- setup -->
        <test-method signature="verify_login()[pri:0, instance:testCases.TC_002_LoginTest@7a1a3478]" started-at="2024-05-09T18:01:04 IST" name="verify_login" finished-at="2024-05-09T18:01:07 IST" duration-ms="2952" status="PASS">
          <reporter-output>
          </reporter-output>
        </test-method> <!-- verify_login -->
        <test-method is-config="true" signature="tearDown()[pri:0, instance:testCases.TC_002_LoginTest@7a1a3478]" started-at="2024-05-09T18:01:07 IST" name="tearDown" finished-at="2024-05-09T18:01:07 IST" duration-ms="103" status="PASS">
          <reporter-output>
          </reporter-output>
        </test-method> <!-- tearDown -->
      </class> <!-- testCases.TC_002_LoginTest -->
      <class name="testCases.TC_001_AccountRegistartionTest">
        <test-method is-config="true" signature="setup(java.lang.String,java.lang.String)[pri:0, instance:testCases.TC_001_AccountRegistartionTest@495fac5f]" started-at="2024-05-09T18:00:40 IST" name="setup" finished-at="2024-05-09T18:00:51 IST" duration-ms="11465" status="PASS">
          <params>
            <param index="0">
              <value>
                <![CDATA[Windows]]>
              </value>
            </param>
            <param index="1">
              <value>
                <![CDATA[chrome]]>
              </value>
            </param>
          </params>
          <reporter-output>
          </reporter-output>
        </test-method> <!-- setup -->
        <test-method signature="verify_account_registration()[pri:0, instance:testCases.TC_001_AccountRegistartionTest@495fac5f]" started-at="2024-05-09T18:00:51 IST" name="verify_account_registration" finished-at="2024-05-09T18:00:55 IST" duration-ms="3783" status="PASS">
          <reporter-output>
          </reporter-output>
        </test-method> <!-- verify_account_registration -->
        <test-method is-config="true" signature="tearDown()[pri:0, instance:testCases.TC_001_AccountRegistartionTest@495fac5f]" started-at="2024-05-09T18:00:55 IST" name="tearDown" finished-at="2024-05-09T18:00:55 IST" duration-ms="117" status="PASS">
          <reporter-output>
          </reporter-output>
        </test-method> <!-- tearDown -->
      </class> <!-- testCases.TC_001_AccountRegistartionTest -->
    </test> <!-- Test -->
  </suite> <!-- Suite -->
</testng-results>
